548374829 make Администрирование
548374829 make Администрирование
548374829 make Ограничить права
548374829 make Ограничить права
548374829 make Ограничить права
548374829 make Ограничить права
548374829 make Ограничить права
548374829 make Ограничить права
548374829 make Ограничить права
548374829 make Ограничить права
548374829 make Ограничить права
548374829 make Ограничить права
548374829 make Ограничить права
548374829 make Ограничить права
548374829 make Ограничить права
548374829 make Ограничить права
548374829 make Ограничить права
548374829 make Ограничить права
548374829 make Пользователи
548374829 make Ограничить права
548374829 make Ограничить права
548374829 make /id548251917
548374829 make Права пользователя
548374829 make Права пользователя
548374829 make Ограничить права
548374829 make Ограничить права
548374829 make /id548251917
548374829 make Ограничить права
548374829 make Ограничить права
548374829 make Ограничить права
548374829 make Ограничить права
548374829 make Ограничить права
548374829 make Ограничить права
548374829 make /id548251917
548374829 make Ограничить права
548374829 make Ограничить права
548374829 make /id548251917
548374829 make Администрирование
548374829 make Администрирование
548374829 make Расширить права
548374829 make Расширить права
548374829 make /id548251917
548374829 make Права пользователя
548374829 make Права пользователя
548374829 make Пользователи
548374829 make /id548374829
548374829 make /id736394054
548374829 make Пользователи
548374829 make Пользователи
548374829 make Пользователи
548374829 make Права пользователя
548374829 make Права пользователя
548374829 make /id548251917
548251917 make Меню
548251917 make Меню
548251917 make Абоненты
548374829 make Расширить права
548374829 make Расширить права
548374829 make /id548251917
548251917 make Абоненты
548251917 make Абоненты
548374829 make Ограничить права
548374829 make Ограничить права
548374829 make /id548251917
548374829 make Ограничить права
548374829 make Ограничить права
548374829 make /id548251917
548251917 make Абоненты
548374829 make Пользователи
548374829 make /id656614365
548374829 make Права пользователя
548374829 make Права пользователя
548374829 make /id656614365
548374829 make Меню
548374829 make Меню
548374829 make Базовые станции
548374829 make Базовые станции
548374829 make Сектора
548374829 make Сектора
548374829 make Информация о секторе
548374829 make Информация о секторе
548374829 make 234
548374829 make Состояние сектора
548374829 make Меню
548374829 make Меню
548374829 make Администрирование
548374829 make Администрирование
548374829 make Меню
548374829 make Меню
548374829 make CDR
548374829 make Базовые станции
548374829 make Базовые станции
548374829 make Кабинеты
548374829 make Кабинеты
548374829 make Железо
548374829 make Железо
548374829 make 1
548374829 make Меню
548374829 make Меню
548374829 make 486
548374829 make Состояние сектора
548374829 make Абоненты
548374829 make Абоненты
548374829 make Регистрация
548374829 make Регистрация
548374829 make 721531579
548374829 make Администрирование
548374829 make Администрирование
548374829 make Пользователи
548374829 make CDR
548374829 make Администрирование
548374829 make Администрирование
548374829 make Базовые станции
548374829 make Базовые станции
548374829 make Потоки
548374829 make Потоки
548374829 make Сектора
548374829 make Сектора
548374829 make Хендоверы
548374829 make Частоты
548374829 make Частоты
548374829 make Изменить BCCH
548374829 make Добавить DCH канал
548374829 make Добавить DCH канал
548374829 make Информация о секторе
548374829 make Информация о секторе
548374829 make 304а
548374829 make Меню
548374829 make Меню
548374829 make Базовые станции
548374829 make Базовые станции
548374829 make Сектора
548374829 make Сектора
548374829 make Частоты
548374829 make Частоты
548374829 make Информация о секторе
548374829 make Информация о секторе
548374829 make 304a
548374829 make Добавить DCH канал
548374829 make Добавить DCH канал
548374829 make 304a 25
548374829 make Информация о секторе
548374829 make Информация о секторе
548374829 make 304a
548374829 make Удалить DCH канал
548374829 make Удалить DCH канал
548374829 make 304a 25
548374829 make Информация о секторе
548374829 make Информация о секторе
548374829 make 304a
707065212 make 1043
707065212 make Состояние сектора
707065212 make Базовые станции
707065212 make Базовые станции
707065212 make Базовые станции
707065212 make Базовые станции
707065212 make Абоненты
707065212 make Абоненты
1733501560 make Абоненты
1733501560 make Абоненты
548374829 make Базовые станции
548374829 make Базовые станции
548374829 make Администрирование
548374829 make Администрирование
548374829 make Пользователи
548374829 make /id656614365
548374829 make /id548374829
548374829 make Базовые станции
548374829 make Базовые станции
548374829 make Потоки
548374829 make Потоки
548374829 make Адреса
548374829 make Адреса
548374829 make Кабинеты
548374829 make Кабинеты
548374829 make Железо
548374829 make Железо
548374829 make Железо
548374829 make Железо
548374829 make Железо
548374829 make Железо
548374829 make 304
548374829 make Отключенные бс
548374829 make Базовые станции
548374829 make Базовые станции
548374829 make Потоки
548374829 make Потоки
1733501560 make Регистрация
1733501560 make Регистрация
1733501560 make 380721500239
1733501560 make Базовые станции
1733501560 make Базовые станции
1733501560 make Сектора
1733501560 make Сектора
1733501560 make Частоты
1733501560 make Частоты
1733501560 make Информация о секторе
1733501560 make Информация о секторе
1733501560 make 304A
1733501560 make Добавить DCH канал
1733501560 make Добавить DCH канал
1733501560 make 25
1733501560 make Состояние сектора
1733501560 make 304a 25
1733501560 make Состояние сектора
1733501560 make Добавить DCH канал
1733501560 make Добавить DCH канал
1733501560 make 304a 25
1733501560 make Информация о секторе
1733501560 make Информация о секторе
1733501560 make 304a
1733501560 make Удалить DCH канал
1733501560 make Удалить DCH канал
1733501560 make 304a 25
1733501560 make Администрирование
1733501560 make Администрирование
1733501560 make Базовые станции
1733501560 make Базовые станции
1733501560 make Адреса
1733501560 make Адреса
1733501560 make Сектора
1733501560 make Сектора
1733501560 make Управление сектором
1733501560 make Управление сектором
1733501560 make Захалченные сектора
1733501560 make Базовые станции
1733501560 make Базовые станции
1733501560 make Кабинеты
1733501560 make Кабинеты
1733501560 make Отключить бс
1733501560 make Отключить бс
1733501560 make 304a
1733501560 make Состояние сектора
1733501560 make Отключить бс
1733501560 make Отключить бс
1733501560 make Абоненты
1733501560 make Абоненты
1733501560 make Базовые станции
1733501560 make Базовые станции
1733501560 make Кабинеты
1733501560 make Кабинеты
1733501560 make Отключить бс
1733501560 make Отключить бс
1733501560 make 304
1733501560 make Отключенные бс
1733501560 make Включить бс
1733501560 make Включить бс
1733501560 make 304
1733501560 make Отключенные бс
764658465 make Базовые станции
764658465 make Абоненты
764658465 make CDR
764658465 make Администрирование
548374829 make Меню
548374829 make Меню
548374829 make Администрирование
548374829 make Администрирование
548374829 make Пользователи
548374829 make /id764658465
548374829 make Расширить права
548374829 make Расширить права
548374829 make /id764658465
548374829 make /id764658465
548374829 make /id764658465
548374829 make /id764658465
548374829 make Пользователи
548374829 make /id764658465
548374829 make Ограничить права
548374829 make Ограничить права
548374829 make /id764658465
548374829 make Права пользователя
548374829 make Права пользователя
764658465 make Базовые станции
764658465 make Базовые станции
548374829 make /id764658465
764658465 make Кабинеты
764658465 make Кабинеты
764658465 make Отключенные бс
764658465 make Меню
764658465 make Меню
764658465 make Абоненты
764658465 make Абоненты
764658465 make Регистрация
764658465 make Регистрация
764658465 make 380721500239
548374829 make Базовые станции
548374829 make Базовые станции
548374829 make Базовые станции
548374829 make Базовые станции
548374829 make Потоки
548374829 make Потоки
548374829 make Меню
548374829 make Меню
548374829 make Базовые станции
548374829 make Базовые станции
548374829 make Сектора
548374829 make Сектора
548374829 make Информация о секторе
548374829 make Информация о секторе
548374829 make Управление сектором
548374829 make Управление сектором
548374829 make Захалченные сектора
548374829 make Забаренные сектора
548374829 make Захалченные сектора
548374829 make Информация о секторе
548374829 make Информация о секторе
548374829 make Управление сектором
548374829 make Управление сектором
548374829 make Захалтить сектор
548374829 make Захалтить сектор
548374829 make Хендоверы
548374829 make Частоты
548374829 make Частоты
548374829 make Информация о секторе
548374829 make Информация о секторе
548374829 make Добавить DCH канал
548374829 make Добавить DCH канал
548374829 make Изменить BCCH
548374829 make Меню
548374829 make Меню
548374829 make Базовые станции
548374829 make Базовые станции
548374829 make Потоки
548374829 make Потоки
548374829 make Меню
548374829 make Меню
548374829 make Базовые станции
548374829 make Базовые станции
548374829 make Потоки
548374829 make Потоки
548374829 make Состояние потока
548374829 make Аварии по потокам
548374829 make Аварии по потокам
548374829 make Базовые станции
548374829 make Базовые станции
548374829 make Потоки
548374829 make Потоки
548374829 make Аварии по потокам
548374829 make Аварии по потокам
548374829 make ABL
548374829 make RDI
548374829 make AIS
548374829 make LOS/LOF
548374829 make ERATE
548374829 make БС на SIU
548374829 make Потоки
548374829 make Потоки
548374829 make Состояние потока
548374829 make Базовые станции
548374829 make Базовые станции
548374829 make Базовые станции
548374829 make Базовые станции
548374829 make Базовые станции
548374829 make Базовые станции
548374829 make Базовые станции
548374829 make Базовые станции
548374829 make Базовые станции
548374829 make Базовые станции
548374829 make Базовые станции
548374829 make Сектора
548374829 make Сектора
548374829 make Информация о секторе
548374829 make Потоки
548374829 make Потоки
548374829 make Состояние потока
548374829 make Базовые станции
548374829 make Базовые станции
548374829 make Сектора
548374829 make Сектора
548374829 make Информация о секторе
548374829 make Информация о секторе
548374829 make Кабинеты
548374829 make Кабинеты
548374829 make Железо
548374829 make Железо
548374829 make 155
548374829 make 103
1733501560 make Базовые станции
1733501560 make Базовые станции
1733501560 make Абоненты
1733501560 make Абоненты
1733501560 make Базовые станции
1733501560 make Базовые станции
548374829 make Администрирование
548374829 make Администрирование
548374829 make Пользователи
548374829 make Администрирование
548374829 make Администрирование
548374829 make Права пользователя
548374829 make Права пользователя
548374829 make /id764658465
548374829 make /id707065212
548374829 make /id548251917
548374829 make /id656614365
548374829 make /id656614365
548374829 make /id1049840191
548374829 make /id248788725
548374829 make /id1733501560
548374829 make /id736394054
548374829 make /id548374829
548374829 make Администрирование
548374829 make Администрирование
548374829 make Администрирование
548374829 make Администрирование
548374829 make Администрирование
548374829 make Администрирование
548374829 make Администрирование
548374829 make Администрирование
548374829 make Администрирование
548374829 make Администрирование
548374829 make Меню
548374829 make Меню
548374829 make Базовые станции
548374829 make Базовые станции
548374829 make Сектора
548374829 make Сектора
548374829 make Частоты
548374829 make Частоты
548374829 make Информация о секторе
548374829 make Информация о секторе
548374829 make 304
548374829 make Меню
548374829 make Меню
548374829 make Базовые станции
548374829 make Базовые станции
548374829 make Сектора
548374829 make Сектора
548374829 make Информация о секторе
548374829 make Информация о секторе
548374829 make 304
548374829 make LUG304A
548374829 make 1043
548374829 make LU1043B
548374829 make 1018
548374829 make Администрирование
548374829 make Администрирование
548374829 make Пользователи
548374829 make Базовые станции
548374829 make Базовые станции
548374829 make Кабинеты
548374829 make Кабинеты
548374829 make Железо
548374829 make Железо
548374829 make 304
548374829 make Отключенные бс
548374829 make Сектора
548374829 make Сектора
548374829 make Базовые станции
548374829 make Базовые станции
548374829 make Сектора
548374829 make Сектора
548374829 make Хендоверы
548374829 make Администрирование
548374829 make Администрирование
548374829 make Меню
548374829 make Меню
548374829 make Базовые станции
548374829 make Базовые станции
548374829 make Потоки
548374829 make Потоки
548374829 make Состояние потока
548374829 make Состояние потока
548374829 make 304
548374829 make Состояние потока
548374829 make Состояние потока
548374829 make 304
548374829 make Состояние потока
548374829 make Состояние потока
548374829 make 304
548374829 make Состояние потока
548374829 make Состояние потока
548374829 make 304
548374829 make Состояние потока
548374829 make Состояние потока
548374829 make 304
548374829 make Состояние потока
548374829 make Состояние потока
548374829 make 304
548374829 make Состояние потока
548374829 make Состояние потока
548374829 make 304
548374829 make Состояние потока
548374829 make Состояние потока
548374829 make 304
548374829 make Состояние потока
548374829 make Состояние потока
548374829 make 304
548374829 make Состояние потока
548374829 make Состояние потока
548374829 make 304
548374829 make Состояние потока
548374829 make Состояние потока
548374829 make 304
548374829 make Состояние потоков на LUG304
548374829 make Результат выполнения:
548374829 make Состояние потоков на LUG304
548374829 make Результат выполнения:
548374829 make Состояние потока
548374829 make Состояние потока
548374829 make 1043
548374829 make Состояние потока
548374829 make Состояние потока
548374829 make 155
548374829 make Состояние потока
548374829 make Состояние потока
548374829 make 2
548374829 make 15
548374829 make 155
548374829 make 2
548374829 make Состояние потока
548374829 make Состояние потока
548374829 make 306
548374829 make 306
548374829 make Состояние сектора
548374829 make Состояние потока
548374829 make Состояние потока
548374829 make 306
548374829 make 306
548374829 make 306
548374829 make 306
548374829 make 306
548374829 make Состояние потока
548374829 make Состояние потока
548374829 make 306
548374829 make Состояние потока
548374829 make Состояние потока
548374829 make 306
548374829 make Состояние потока
548374829 make Состояние потока
548374829 make 306
548374829 make Состояние потока
548374829 make Состояние потока
548374829 make 306
548374829 make Состояние потока
548374829 make Состояние потока
548374829 make 306
548374829 make Состояние потока
548374829 make Состояние потока
548374829 make 306
548374829 make Состояние потока
548374829 make Состояние потока
548374829 make 306
548374829 make Состояние потока
548374829 make Состояние потока
548374829 make 306
548374829 make Состояние потока
548374829 make Состояние потока
548374829 make 306
548374829 make BSC04_18RBL2
548374829 make BSC04_18RBL2
548374829 make Базовые станции
548374829 make Базовые станции
548374829 make Потоки
548374829 make Потоки
548374829 make Состояние потока
548374829 make Состояние потока
548374829 make 306
548374829 make //BSC04_18RBL2
548374829 make Состояние потока
548374829 make //BSC04_18RBL2
548374829 make Состояние потока
548374829 make //BSC04_18RBL2
548374829 make Состояние потока
548374829 make //BSC04_18RBL2
548374829 make Состояние потока
548374829 make //BSC04_21RBL2
548374829 make Состояние потока
548374829 make 2
548374829 make Состояние сектора
548374829 make Базовые станции
548374829 make Базовые станции
548374829 make Потоки
548374829 make Потоки
548374829 make Состояние потока
548374829 make Состояние потока
548374829 make 2
548374829 make Базовые станции
548374829 make Базовые станции
548374829 make Сектора
548374829 make Сектора
548374829 make Управление сектором
548374829 make Управление сектором
548374829 make Захалченные сектора
548374829 make Сектора
548374829 make Потоки
548374829 make Потоки
548374829 make БС на SIU
548374829 make БС на SIU
548374829 make БС на SIU
548374829 make БС на SIU
548374829 make Состояние потока
548374829 make Состояние потока
548374829 make 2
548374829 make Состояние потока
548374829 make Состояние потока
548374829 make 2
548374829 make Состояние потока
548374829 make Состояние потока
548374829 make 2
548374829 make Состояние потока
548374829 make Состояние потока
548374829 make 2
548374829 make БС на SIU
548374829 make БС на SIU
548374829 make БС на SIU
548374829 make БС на SIU
548374829 make Состояние потока
548374829 make Состояние потока
548374829 make 2
548374829 make Аварии по потокам
548374829 make Аварии по потокам
548374829 make RDI
548374829 make Состояние потока
548374829 make RDI
548374829 make Состояние потока
548374829 make RDI
548374829 make Состояние потока
548374829 make ABL
548374829 make Состояние потока
548374829 make ABL
548374829 make Состояние потока
548374829 make ABL
548374829 make Состояние потока
548374829 make ABL
548374829 make Состояние потока
548374829 make AIS
548374829 make Состояние потока
548374829 make ERATE
548374829 make Состояние потока
548374829 make LOS/LOF
548374829 make Состояние потока
548374829 make RDI
548374829 make Состояние потока
548374829 make ABL
548374829 make Состояние потока
548374829 make ERATE
548374829 make Состояние потока
548374829 make ERATE
548374829 make Состояние потока
548374829 make LOS/LOF
548374829 make Состояние потока
548374829 make RDI
548374829 make Состояние потока
548374829 make AIS
548374829 make Состояние потока
1733501560 make Меню
1733501560 make Меню
1733501560 make Базовые станции
1733501560 make Базовые станции
1733501560 make Сектора
1733501560 make Сектора
1733501560 make Информация о секторе
1733501560 make Информация о секторе
1733501560 make 451
1733501560 make LUG451B
1733501560 make LUG451A
1733501560 make LUG451C
1733501560 make Управление сектором
1733501560 make Управление сектором
1733501560 make Захалченные сектора
1733501560 make Сектора
1733501560 make Захалченные сектора
1733501560 make Сектора
1733501560 make Меню
1733501560 make Меню
1733501560 make CDR
1733501560 make Абоненты
1733501560 make Абоненты
1733501560 make Регистрация
1733501560 make Регистрация
1733501560 make 721036074
1733501560 make Администрирование
1733501560 make CDR
548374829 make Администрирование
548374829 make Администрирование
548374829 make Пользователи
548374829 make Расширить права
548374829 make Расширить права
548374829 make /id1733501560
1733501560 make Администрирование
1733501560 make Администрирование
1733501560 make Пользователи
1733501560 make Права пользователя
1733501560 make Права пользователя
1733501560 make Ограничить права
1733501560 make Ограничить права
1733501560 make Расширить права
1733501560 make Расширить права
548374829 make /id1049840191
548374829 make /id1733501560
548374829 make Абоненты
548374829 make Абоненты
1733501560 make Меню
1733501560 make Меню
1733501560 make Базовые станции
1733501560 make Базовые станции
1733501560 make Кабинеты
1733501560 make Кабинеты
1733501560 make Меню
1733501560 make Меню
548374829 make Базовые станции
548374829 make Базовые станции
548374829 make Меню
548374829 make Меню
548374829 make Базовые станции
548374829 make Базовые станции
548374829 make Абоненты
548374829 make Абоненты
548374829 make Cancel Location (PS)
548374829 make Cancel Location (PS)
548374829 make Cancel Location (CS)
548374829 make Cancel Location (CS)
548374829 make Регистрация
548374829 make Регистрация
548374829 make Абоненты
548374829 make Абоненты
548374829 make Меню
548374829 make Меню
548374829 make Базовые станции
548374829 make Базовые станции
548374829 make Сектора
548374829 make Сектора
548374829 make Информация о секторе
548374829 make Информация о секторе
548374829 make 256
548374829 make LUG256B
548374829 make Базовые станции
548374829 make Базовые станции
548374829 make Сектора
548374829 make Сектора
548374829 make Информация о секторе
548374829 make Информация о секторе
548374829 make 256
548374829 make LUG256A
548374829 make LUG256B
548374829 make LUG256C
548374829 make LUG256C
548374829 make LUG256A
548374829 make Состояние сектора
548374829 make LUG256A
548374829 make Состояние сектора
548374829 make LUG256A
548374829 make Состояние сектора
548374829 make LUG256A
548374829 make Состояние сектора
548374829 make LUG256A
548374829 make Состояние сектора
548374829 make LUG256A
548374829 make Состояние сектора
548374829 make LUG256A
548374829 make Состояние сектора
548374829 make LUG256B
548374829 make Состояние сектора
548374829 make Базовые станции
548374829 make Базовые станции
548374829 make Сектора
548374829 make Сектора
548374829 make Частоты
548374829 make Частоты
548374829 make Информация о секторе
548374829 make Информация о секторе
548374829 make 203
548374829 make LUG203A
548374829 make LUG203B
548374829 make 175
548374829 make LUG175A
548374829 make LUG175B
548374829 make Удалить DCH канал
548374829 make 175b 1006
548374829 make Состояние сектора
548374829 make Удалить DCH канал
548374829 make 175b 1006
548374829 make Состояние сектора
548374829 make Информация о секторе
548374829 make Информация о секторе
548374829 make 175b
548374829 make Удалить DCH канал
548374829 make Удалить DCH канал
548374829 make 175b 1006
548374829 make Информация о секторе
548374829 make Информация о секторе
548374829 make 175b
548374829 make Добавить DCH канал
548374829 make Добавить DCH канал
548374829 make 175b 1006
548374829 make Добавить DCH канал
548374829 make Добавить DCH канал
548374829 make 175b 1006
548374829 make Информация о секторе
548374829 make Информация о секторе
548374829 make 175b
548374829 make Удалить DCH канал
548374829 make Удалить DCH канал
548374829 make 175b 1006
548374829 make Добавить DCH канал
548374829 make Добавить DCH канал
548374829 make Информация о секторе
548374829 make Информация о секторе
548374829 make Добавить DCH канал
548374829 make Добавить DCH канал
548374829 make 175b 1006
548374829 make Информация о секторе
548374829 make Информация о секторе
548374829 make Информация о секторе
548374829 make Информация о секторе
548374829 make 175b
548374829 make Удалить DCH канал
548374829 make Удалить DCH канал
548374829 make 175b 1006
548374829 make Информация о секторе
548374829 make Информация о секторе
548374829 make 175b
548374829 make Добавить DCH канал
548374829 make Добавить DCH канал
548374829 make 175b 1006 25
548374829 make Информация о секторе
548374829 make Информация о секторе
548374829 make 175b
548374829 make Добавить DCH канал
548374829 make Добавить DCH канал
548374829 make 175b 25
548374829 make Информация о секторе
548374829 make Информация о секторе
548374829 make 175b
548374829 make Удалить DCH канал
548374829 make Удалить DCH канал
548374829 make 175b 25 1006
548374829 make Информация о секторе
548374829 make Информация о секторе
548374829 make 175b
548374829 make Меню
548374829 make Меню
548374829 make Администрирование
548374829 make Администрирование
548374829 make Пользователи
548374829 make /id1733501560
548374829 make Ограничить права
548374829 make Ограничить права
548374829 make /id1733501560
548374829 make Права пользователя
548374829 make Права пользователя
548374829 make /id1733501560
548374829 make Базовые станции
548374829 make Базовые станции
548374829 make Потоки
548374829 make Потоки
548374829 make Состояние потока
548374829 make Состояние потока
548374829 make 304
548374829 make //BSC05_65RBL2
548374829 make Состояние потока
548374829 make //BSC05_65RBL2
548374829 make Состояние потока
548374829 make Аварии по потокам
548374829 make Аварии по потокам
548374829 make RDI
548374829 make Состояние потока
548374829 make БС на SIU
548374829 make БС на SIU
548374829 make Адреса
548374829 make Адреса
548374829 make Адреса
548374829 make 777
548374829 make Состояние сектора
548374829 make Базовые станции
548374829 make Базовые станции
548374829 make Сектора
548374829 make Сектора
548374829 make Частоты
548374829 make Частоты
548374829 make Информация о секторе
548374829 make Информация о секторе
548374829 make 175b
548374829 make Добавить DCH канал
548374829 make Добавить DCH канал
548374829 make 175b 25
548374829 make Добавить DCH канал
548374829 make Добавить DCH канал
548374829 make 175b 35
548374829 make Удалить DCH канал
548374829 make Удалить DCH канал
548374829 make 175b 25,35,1006
548374829 make Информация о секторе
548374829 make Информация о секторе
548374829 make 175b
548374829 make Добавить DCH канал
548374829 make Добавить DCH канал
548374829 make 175b 1006
548374829 make Информация о секторе
548374829 make Информация о секторе
548374829 make 175b
548374829 make Информация о секторе
548374829 make Информация о секторе
548374829 make 175b
548374829 make Добавить DCH канал
548374829 make Добавить DCH канал
548374829 make 175b 25,35
548374829 make Информация о секторе
548374829 make Информация о секторе
548374829 make 175b
548374829 make Удалить DCH канал
548374829 make Удалить DCH канал
548374829 make 175b 25,35,1006
548374829 make Информация о секторе
548374829 make Информация о секторе
548374829 make 175b
548374829 make Удалить DCH канал
548374829 make Удалить DCH канал
548374829 make 175b 1006
548374829 make Информация о секторе
548374829 make Информация о секторе
548374829 make 175b
548374829 make Добавить DCH канал
548374829 make Добавить DCH канал
548374829 make 175b 25,1006
548374829 make Информация о секторе
548374829 make Информация о секторе
548374829 make 175b
548374829 make Удалить DCH канал
548374829 make Удалить DCH канал
548374829 make 175b 25
548374829 make Информация о секторе
548374829 make Информация о секторе
548374829 make 175b
548374829 make Меню
548374829 make Меню
548374829 make Базовые станции
548374829 make Базовые станции
548374829 make Сектора
548374829 make Сектора
548374829 make Хендоверы
548374829 make Хендоверы
548374829 make Хендоверы
548374829 make Список хендоверов
548374829 make Список хендоверов
548374829 make LUG304A
548374829 make Список хендоверов
548374829 make Список хендоверов
548374829 make 175b
548374829 make Базовые станции
548374829 make Базовые станции
548374829 make Сектора
548374829 make Сектора
548374829 make Хендоверы
548374829 make Хендоверы
548374829 make 175b
548374829 make Состояние сектора
548374829 make Список хендоверов
548374829 make Список хендоверов
548374829 make 175b
548374829 make Список хендоверов
548374829 make Список хендоверов
548374829 make 175b
548374829 make Список хендоверов
548374829 make Список хендоверов
548374829 make 175b
548374829 make 1043
548374829 make Состояние сектора
548374829 make Список хендоверов
548374829 make Список хендоверов
548374829 make 1043c
548374829 make Список хендоверов
548374829 make Список хендоверов
548374829 make 1043
548374829 make LU1043C
548374829 make LU1043B
548374829 make 304
548374829 make LUG304A
548374829 make Базовые станции
548374829 make Базовые станции
548374829 make Меню
548374829 make Меню
548374829 make Базовые станции
548374829 make Базовые станции
548374829 make 312
548374829 make Состояние сектора
548374829 make 312
548374829 make Состояние сектора
548374829 make 312
548374829 make Состояние сектора
548374829 make 312
548374829 make Состояние сектора
548374829 make Потоки
548374829 make Потоки
548374829 make Состояние потока
548374829 make Состояние потока
548374829 make 312
548374829 make //BSC04_116RBL2
548374829 make Состояние потока
548374829 make БС на SIU
548374829 make БС на SIU
548374829 make Аварии по потокам
548374829 make Аварии по потокам
548374829 make RDI
548374829 make Состояние потока
548374829 make ABL
548374829 make Состояние потока
548374829 make AIS
548374829 make Состояние потока
548374829 make ERATE
548374829 make Состояние потока
548374829 make LOS/LOF
548374829 make Состояние потока
548374829 make Абоненты
548374829 make Абоненты
548374829 make Базовые станции
548374829 make Базовые станции
548374829 make Сектора
548374829 make Сектора
548374829 make Хендоверы
548374829 make Хендоверы
548374829 make Список хендоверов
548374829 make Список хендоверов
548374829 make 312
548374829 make LUG312A
548374829 make Информация о секторе
548374829 make Информация о секторе
548374829 make Базовые станции
548374829 make Базовые станции
548374829 make Адреса
548374829 make Адреса
548374829 make Адреса
548374829 make Меню
548374829 make Меню
548374829 make Меню
548374829 make Меню
548374829 make Меню
548374829 make Меню
548374829 make Меню
548374829 make Меню
548374829 make Меню
548374829 make Меню
548374829 make Базовые станции
548374829 make Базовые станции
548374829 make Адреса
548374829 make Адреса
548374829 make Адрес
548374829 make Адрес
548374829 make LUG001
548374829 make Состояние сектора
548374829 make Адрес
548374829 make Адрес
548374829 make LUG001
548374829 make Адрес
548374829 make Адрес
548374829 make 001
548374829 make LUG001
548374829 make Адрес
548374829 make Адрес
548374829 make 001
548374829 make Адрес
548374829 make Адрес
548374829 make Адрес
548374829 make 001]
548374829 make 001
548374829 make Адрес
548374829 make Адрес
548374829 make 001
548374829 make Адрес
548374829 make Адрес
548374829 make 1
548374829 make 155
548374829 make Адрес
548374829 make Адрес
548374829 make Где 001
548374829 make Адрес
548374829 make где 155
548374829 make Адрес
548374829 make где 3016
548374829 make Адрес
548374829 make Базовые станции
548374829 make Базовые станции
548374829 make Адреса
548374829 make Адреса
548374829 make где len
548374829 make Адрес
548374829 make LEN
548374829 make Адрес
548374829 make Адрес
548374829 make LEN
548374829 make Адрес
548374829 make 3608
548374829 make Адрес
548374829 make LEN
548374829 make Адрес
548374829 make Адрес
548374829 make Адрес
548374829 make len
548374829 make Адрес
548374829 make LEN
548374829 make Адрес
548374829 make где 155
548374829 make Адрес
548374829 make Добавить адрес
548374829 make Адрес
548374829 make Меню
548374829 make Меню
548374829 make Абоненты
548374829 make Абоненты
548374829 make Базовые станции
548374829 make Базовые станции
548374829 make Сектора
548374829 make Сектора
548374829 make Управление сектором
548374829 make Управление сектором
548374829 make Информация о секторе
548374829 make Информация о секторе
548374829 make Хендоверы
548374829 make Хендоверы
548374829 make Кабинеты
548374829 make Кабинеты
548374829 make Абоненты
548374829 make Абоненты
548374829 make Регистрация
548374829 make Регистрация
548374829 make 721531479
548374829 make Регистрация
548374829 make Регистрация
548374829 make 721531479
548374829 make где 15
548374829 make Адрес
548374829 make CDR
548374829 make Абоненты
548374829 make Абоненты
548374829 make Регистрация
548374829 make Регистрация
548374829 make 721531479
548374829 make Регистрация
548374829 make Регистрация
548374829 make 721531479
548374829 make Регистрация
548374829 make Регистрация
548374829 make 721531479
548374829 make Регистрация
548374829 make Регистрация
548374829 make 721531479
548374829 make 721531479
548374829 make 721531479
548374829 make Регистрация
548374829 make Регистрация
548374829 make 721531479
548374829 make 721531479
548374829 make Регистрация
548374829 make Регистрация
548374829 make 721531479
548374829 make Регистрация
548374829 make Регистрация
548374829 make 721531479
548374829 make Регистрация
548374829 make Регистрация
548374829 make 721531479
548374829 make Регистрация
548374829 make Регистрация
548374829 make 721531479
548374829 make Регистрация
548374829 make Регистрация
548374829 make 721531479
548374829 make Регистрация
548374829 make Регистрация
548374829 make 721531479
548374829 make Регистрация
548374829 make Регистрация
548374829 make 721531479
548374829 make Регистрация
548374829 make Регистрация
548374829 make 721531483
548374829 make 721531479
548374829 make Администрирование
548374829 make Администрирование
548374829 make Пользователи
548374829 make /id764658465
548374829 make /id1733501560
548374829 make /id248788725
548374829 make Меню
548374829 make Меню
548374829 make Базовые станции
548374829 make Базовые станции
548374829 make Сектора
548374829 make Сектора
548374829 make Информация о секторе
548374829 make Информация о секторе
548374829 make 15
548374829 make LUG015A
548374829 make LUG015B
548374829 make LUG015C
548374829 make где 15
548374829 make Адрес
548374829 make где 15
548374829 make Адрес
548374829 make где 155
548374829 make Адрес
548374829 make где 156
548374829 make Адрес
548374829 make где 156
548374829 make Адрес
548374829 make Меню
548374829 make Меню
548374829 make Абоненты
548374829 make Абоненты
548374829 make Регистрация
548374829 make Регистрация
548374829 make 721531479
548374829 make Регистрация
548374829 make Регистрация
548374829 make 721531479
548374829 make Администрирование
548374829 make Администрирование
548374829 make Пользователи
548374829 make Пользователи
548374829 make Пользователи
548374829 make Абоненты
548374829 make Абоненты
548374829 make Регистрация
548374829 make Регистрация
548374829 make 721531483
548374829 make 072 150 0239
548374829 make +380 72 103 6079
548374829 make +380721680912
548374829 make +380721036074
548374829 make Базовые станции
548374829 make Базовые станции
548374829 make Сектора
548374829 make Сектора
548374829 make Хендоверы
548374829 make Хендоверы
548374829 make Меню
548374829 make Меню
548374829 make Базовые станции
548374829 make Базовые станции
548374829 make Сектора
548374829 make Сектора
548374829 make Хендоверы
548374829 make Хендоверы
548374829 make Добавить хендовер
548374829 make 304а 203б
548374829 make Состояние сектора
548374829 make Добавить хендовер
548374829 make Добавить хендовер
548374829 make Добавить хендовер
548374829 make Добавить хендовер
548374829 make Удалить хендовер
548374829 make Удалить хендовер
548374829 make 304а 304б
548374829 make Список хендоверов
548374829 make Список хендоверов
548374829 make 304а 304б
548374829 make Добавить хендовер
548374829 make Добавить хендовер
548374829 make 304а 304б
548374829 make Добавить хендовер
548374829 make Добавить хендовер
548374829 make 304a 304a
548374829 make Добавить хендовер
548374829 make Добавить хендовер
548374829 make update.message.reply_text(f'Халтим сектор {cellName}')
548374829 make Добавить хендовер
548374829 make Добавить хендовер
548374829 make 304a 304a
548374829 make Базовые станции
548374829 make Базовые станции
548374829 make Сектора
548374829 make Сектора
548374829 make Информация о секторе
548374829 make Информация о секторе
548374829 make 15
548374829 make LUG015C
548374829 make 815
548374829 make LUG815C
548374829 make Меню
548374829 make Меню
548374829 make Базовые станции
548374829 make Базовые станции
548374829 make Сектора
548374829 make Сектора
548374829 make Хендоверы
548374829 make Хендоверы
548374829 make Добавить хендовер
548374829 make Добавить хендовер
548374829 make 15c 815c
548374829 make Добавить хендовер
548374829 make Добавить хендовер
548374829 make 15c 815c
548374829 make Добавить хендовер
548374829 make Добавить хендовер
548374829 make 15с 15б
248788725 make Базовые станции
248788725 make Абоненты
248788725 make Абоненты
248788725 make CDR
248788725 make Базовые станции
248788725 make Базовые станции
548374829 make Администрирование
548374829 make Администрирование
548374829 make Расширить права
548374829 make Расширить права
548374829 make Пользователи
548374829 make /id248788725
548374829 make /id248788725
548374829 make Расширить права
548374829 make Расширить права
548374829 make /id248788725
548374829 make /id248788725
548374829 make Права пользователя
548374829 make Права пользователя
548374829 make /id248788725
548374829 make Ограничить права
548374829 make Ограничить права
548374829 make /id248788725
248788725 make Базовые станции
248788725 make Базовые станции
248788725 make Базовые станции
248788725 make Базовые станции
248788725 make Сектора
248788725 make Сектора
248788725 make Управление сектором
248788725 make Управление сектором
248788725 make Хендоверы
248788725 make Хендоверы
248788725 make Добавить хендовер
248788725 make Добавить хендовер
248788725 make 451а 533b
548374829 make Базовые станции
548374829 make Базовые станции
548374829 make Сектора
548374829 make Сектора
548374829 make Хендоверы
548374829 make Хендоверы
548374829 make Добавить хендовер
548374829 make Добавить хендовер
548374829 make 304a 533b
248788725 make Добавить хендовер
248788725 make Добавить хендовер
248788725 make 451a 778c
548374829 make Адреса
548374829 make Адреса
548374829 make Абоненты
548374829 make Абоненты
548374829 make Регистрация
548374829 make Регистрация
548374829 make +380721680912
548374829 make Базовые станции
548374829 make Базовые станции
548374829 make Сектора
548374829 make Сектора
548374829 make Информация о секторе
548374829 make Информация о секторе
548374829 make 723
548374829 make LUG723B
548374829 make LUG723A
548374829 make LUG723C
548374829 make Меню
548374829 make Меню
548374829 make 723
548374829 make Состояние сектора
548374829 make Cro @from12school
548374829 make Базовые станции
548374829 make Базовые станции
548374829 make Сектора
548374829 make Сектора
548374829 make Адреса
548374829 make Адреса
548374829 make Базовые станции
548374829 make Базовые станции
548374829 make Кабинеты
548374829 make Кабинеты
548374829 make Отключенные бс
548374829 make Базовые станции
548374829 make Базовые станции
548374829 make Сектора
548374829 make Сектора
548374829 make Хендоверы
548374829 make Хендоверы
548374829 make Добавить хендовер
548374829 make Добавить хендовер
548374829 make 304a 15c
548374829 make Список хендоверов
548374829 make Список хендоверов
548374829 make 156
548374829 make LUG156B
548374829 make Список хендоверов
548374829 make Список хендоверов
548374829 make 156b
548374829 make Добавить хендовер
548374829 make Добавить хендовер
548374829 make 396b 444a
548374829 make 306a 444a
548374829 make Железо
548374829 make Железо
548374829 make 156
548374829 make Регистрация
548374829 make Регистрация
548374829 make +380 72 177 78 05
548374829 make +380 72 177 78 05
548374829 make +380 72 150 02 39
548374829 make Cro
1733501560 make Базовые станции
1733501560 make Базовые станции
1733501560 make Кабинеты
1733501560 make Кабинеты
1733501560 make Отключить бс
1733501560 make Отключить бс
1733501560 make 870
548374829 make Список хендоверов
548374829 make Список хендоверов
548374829 make 304а
548374829 make 156с
548374829 make Абоненты
548374829 make Абоненты
548374829 make Регистрация
548374829 make Регистрация
548374829 make 721531479
548374829 make Регистрация
548374829 make Регистрация
548374829 make 721531479
1049840191 make Абоненты
1049840191 make Абоненты
1049840191 make Регистрация
1049840191 make Регистрация
1049840191 make +380950668148
1049840191 make 721531479
1049840191 make Регистрация
1049840191 make Регистрация
1733501560 make Железо
1733501560 make Железо
1733501560 make 174
548374829 make Администрирование
548374829 make Администрирование
548374829 make Администрирование
548374829 make Администрирование
548374829 make Пользователи
548374829 make Пользователи
548374829 make Меню
548374829 make Меню
548374829 make Администрирование
548374829 make Администрирование
548374829 make Пользователи
548374829 make Меню
548374829 make Меню
548374829 make Базовые станции
548374829 make Базовые станции
548374829 make Потоки
548374829 make Потоки
548374829 make Аварии по потокам
548374829 make Аварии по потокам
548374829 make ABL
548374829 make Состояние потока
548374829 make RDI
548374829 make Состояние потока
548374829 make AIS
548374829 make Состояние потока
548374829 make ERATE
548374829 make Состояние потока
548374829 make Кабинеты
548374829 make Кабинеты
548374829 make Отключенные бс
548374829 make Базовые станции
548374829 make Базовые станции
548374829 make Сектора
548374829 make Сектора
548374829 make Хендоверы
548374829 make Хендоверы
548374829 make Добавить хендовер
548374829 make Добавить хендовер
548374829 make 304а 304а
548374829 make Добавить хендовер
548374829 make Добавить хендовер
548374829 make 304a 304a
548374829 make Меню
548374829 make Меню
548374829 make Добавить хендовер
548374829 make Добавить хендовер
548374829 make 304a 304a
548374829 make Администрирование
548374829 make Администрирование
548374829 make Пользователи
548374829 make Меню
548374829 make Меню
548374829 make CDR
548374829 make Администрирование
548374829 make Администрирование
548374829 make Администрирование
548374829 make Администрирование
548374829 make Базовые станции
548374829 make Базовые станции
548374829 make Кабинеты
548374829 make Кабинеты
548374829 make Железо
548374829 make Железо
548374829 make 555
548374829 make Сектора
548374829 make Сектора
548374829 make Хендоверы
548374829 make Хендоверы
548374829 make Частоты
548374829 make Частоты
548374829 make Управление сектором
548374829 make Управление сектором
548374829 make Информация о секторе
548374829 make Информация о секторе
548374829 make Сектора
548374829 make Сектора
548374829 make Частоты
548374829 make Частоты
548374829 make Сектора
548374829 make Сектора
548374829 make CRO
548374829 make CRO
548374829 make Узнать CRO
548374829 make Меню
548374829 make Меню
548374829 make Базовые станции
548374829 make Базовые станции
548374829 make Сектора
548374829 make Сектора
548374829 make CRO
548374829 make CRO
548374829 make Узнать CRO
548374829 make Узнать CRO
548374829 make 304
548374829 make Состояние сектора
548374829 make 304а
548374829 make Узнать CRO
548374829 make Узнать CRO
548374829 make 304a
548374829 make Изменить CRO
548374829 make Узнать CRO
548374829 make Узнать CRO
548374829 make 304a
548374829 make Изменить CRO
548374829 make Изменить CRO
548374829 make Узнать CRO
548374829 make Узнать CRO
548374829 make 304a
548374829 make Узнать CRO
548374829 make Узнать CRO
548374829 make 304a
548374829 make Изменить CRO
548374829 make Изменить CRO
548374829 make 304a 11
548374829 make Узнать CRO
548374829 make Узнать CRO
548374829 make 304a
548374829 make Изменить CRO
548374829 make Изменить CRO
548374829 make 304a 11
548374829 make Узнать CRO
548374829 make Узнать CRO
548374829 make 304a
548374829 make Базовые станции
548374829 make Базовые станции
548374829 make Сектора
548374829 make Сектора
548374829 make Хендоверы
548374829 make Хендоверы
548374829 make Добавить хендовер
548374829 make Добавить хендовер
548374829 make 410a 409a
548374829 make Добавить хендовер
548374829 make Добавить хендовер
548374829 make 410a 409a
548374829 make Добавить хендовер
548374829 make Добавить хендовер
548374829 make 410a 409c
548374829 make 410
548374829 make Состояние сектора
548374829 make 409
548374829 make Состояние сектора
548374829 make Добавить хендовер
548374829 make Добавить хендовер
548374829 make 409а 410а
548374829 make -э
548374829 make Добавить хендовер
548374829 make Добавить хендовер
548374829 make 409а 410а
548374829 make Добавить хендовер
548374829 make Добавить хендовер
548374829 make 410c 409c
548374829 make Добавить хендовер
548374829 make Добавить хендовер
548374829 make 409a 410a
548374829 make Добавить хендовер
548374829 make Добавить хендовер
548374829 make 410a 409a
1733501560 make 736
1733501560 make Состояние сектора
1733501560 make 167
1733501560 make Состояние сектора
1733501560 make 967
1733501560 make Состояние сектора
1733501560 make 858
1733501560 make Состояние сектора
1733501560 make 198
1733501560 make Состояние сектора
548374829 make Добавить хендовер
548374829 make Добавить хендовер
548374829 make 409а 410а
548374829 make Добавить хендовер
548374829 make Добавить хендовер
548374829 make 409a 410a
548374829 make Добавить хендовер
548374829 make Добавить хендовер
548374829 make 409a 410a
548374829 make Добавить хендовер
548374829 make Добавить хендовер
548374829 make 409a 410a
548374829 make Добавить хендовер
548374829 make Добавить хендовер
548374829 make 409a 410a
548374829 make Базовые станции
548374829 make Базовые станции
548374829 make Сектора
548374829 make Сектора
548374829 make Информация о секторе
548374829 make Информация о секторе
548374829 make 409
548374829 make LUG409A
548374829 make 410
548374829 make LUG410A
548374829 make Меню
548374829 make Меню
548374829 make Базовые станции
548374829 make Базовые станции
548374829 make Сектора
548374829 make Сектора
548374829 make Информация о секторе
548374829 make Информация о секторе
548374829 make 15
548374829 make LUG015A
548374829 make LUG015B
548374829 make LUG015C
548374829 make Кабинеты
548374829 make Кабинеты
548374829 make Железо
548374829 make Железо
548374829 make 15
548251917 make Администрирование
548251917 make Администрирование
548251917 make Администрирование
548251917 make Администрирование
548251917 make Администрирование
548251917 make Базовые станции
548251917 make Базовые станции
548251917 make Кабинеты
548251917 make Кабинеты
548251917 make Железо
548251917 make Железо
548251917 make 015
548251917 make Абоненты
548251917 make Абоненты
548251917 make CDR
548374829 make Администрирование
548374829 make Администрирование
548374829 make Пользователи
548374829 make Расширить права
548374829 make Расширить права
548374829 make /id548251917
548251917 make Абоненты
548251917 make Абоненты
548251917 make Регистрация
548251917 make Регистрация
548251917 make 721531479
548251917 make Абоненты
548251917 make Абоненты
548251917 make Регистрация
548251917 make Регистрация
548251917 make 721559239
548251917 make Базовые станции
548251917 make Базовые станции
548251917 make Сектора
548251917 make Сектора
548251917 make Частоты
548251917 make Частоты
548251917 make Частоты
548374829 make Права пользователя
548374829 make Права пользователя
548374829 make /id548251917
548374829 make Расширить права
548374829 make Расширить права
548251917 make Частоты
548374829 make /id548251917
548251917 make Частоты
548251917 make Частоты
548251917 make Информация о секторе
548251917 make Информация о секторе
548251917 make 015c
548251917 make Удалить DCH канал
548251917 make Удалить DCH канал
548251917 make 015c
548251917 make 015c 1010,1016
548251917 make Информация о секторе
548251917 make Информация о секторе
548251917 make 015c
548374829 make Меню
548374829 make Меню
548374829 make Базовые станции
548374829 make Базовые станции
548374829 make Сектора
548374829 make Сектора
548374829 make Частоты
548374829 make Частоты
548374829 make Информация о секторе
548374829 make Информация о секторе
548374829 make 15
548374829 make LUG015C
548374829 make Базовые станции
548374829 make Базовые станции
548374829 make Сектора
548374829 make Сектора
548374829 make Частоты
548374829 make Частоты
548374829 make Удалить DCH канал
548374829 make Удалить DCH канал
548374829 make 15c 1010
548374829 make Удалить DCH канал
548374829 make Удалить DCH канал
548374829 make 15c 1010
548374829 make Информация о секторе
548374829 make Информация о секторе
548374829 make 15c
548374829 make Удалить DCH канал
548374829 make Удалить DCH канал
548374829 make 15c 1016
548374829 make Информация о секторе
548374829 make Информация о секторе
548374829 make 15
548374829 make LUG015C
548374829 make Меню
548374829 make Меню
548374829 make Базовые станции
548374829 make Базовые станции
548374829 make Сектора
548374829 make Сектора
548374829 make Частоты
548374829 make Частоты
548374829 make Меню
548374829 make Меню
548374829 make Базовые станции
548374829 make Базовые станции
548374829 make Сектора
548374829 make Сектора
548374829 make Частоты
548374829 make Частоты
548374829 make Информация о секторе
548374829 make Информация о секторе
548374829 make 15
548374829 make LUG015C
548374829 make Удалить DCH канал
548374829 make Удалить DCH канал
548374829 make 15с 1016
548374829 make Сектора
548374829 make Сектора
548374829 make Управление сектором
548374829 make Управление сектором
548374829 make Захалтить сектор
548374829 make Захалтить сектор
548374829 make 15
548374829 make LUG015C
548374829 make Частоты
548374829 make Частоты
548374829 make Удалить DCH канал
548374829 make Удалить DCH канал
548374829 make 15с 1016
548374829 make Управление сектором
548374829 make Управление сектором
548374829 make Расхалтить сектор
548374829 make Расхалтить сектор
548374829 make 15
548374829 make LUG015C
548374829 make LUG015C
548374829 make LUG015C
548374829 make Захалченные сектора
548374829 make Сектора
548374829 make Базовые станции
548374829 make Базовые станции
548374829 make Сектора
548374829 make Сектора
548374829 make CRO
548374829 make CRO
548374829 make Узнать CRO
548374829 make Узнать CRO
548374829 make 25
548374829 make Состояние сектора
548374829 make 25а
548374829 make Сектора
548374829 make Сектора
548374829 make Управление сектором
548374829 make Управление сектором
548374829 make Захалченные сектора
548374829 make Сектора
548374829 make Расхалтить сектор
548374829 make Расхалтить сектор
548374829 make 15
548374829 make Состояние сектора
548374829 make Сектора
548374829 make Сектора
548374829 make Хендоверы
548374829 make Хендоверы
548374829 make Список хендоверов
548374829 make Список хендоверов
548374829 make 304
548374829 make LUG304A
548374829 make TES900A
548374829 make LUG001A
548374829 make 312a
548374829 make Добавить хендовер
548374829 make Добавить хендовер
548374829 make 304a 312a
548374829 make Список хендоверов
548374829 make Список хендоверов
548374829 make 309
548374829 make LUG309A
548374829 make 306a
548374829 make 15a
548374829 make Добавить хендовер
548374829 make Добавить хендовер
548374829 make 304a 15a
548374829 make Список хендоверов
548374829 make Список хендоверов
548374829 make 815a
548374829 make 15a
548374829 make Добавить хендовер
548374829 make Добавить хендовер
548374829 make Добавить хендовер
548374829 make Добавить хендовер
548374829 make 15a 312a
548374829 make Добавить хендовер
548374829 make Добавить хендовер
548374829 make 15a 312a
548374829 make Добавить хендовер
548374829 make Добавить хендовер
548374829 make 15a 312a
548374829 make Список хендоверов
548374829 make Список хендоверов
548374829 make 15a
548374829 make 312a
548374829 make Добавить хендовер
548374829 make Добавить хендовер
548374829 make 312a 15a
548374829 make Добавить хендовер
548374829 make Добавить хендовер
548374829 make 312a 15a
548374829 make Список хендоверов
548374829 make Список хендоверов
548374829 make 312
548374829 make LUG312A
548374829 make Базовые станции
548374829 make Базовые станции
548374829 make Сектора
548374829 make Сектора
548374829 make Хендоверы
548374829 make Хендоверы
548374829 make Удалить хендовер
548374829 make Удалить хендовер
548374829 make 15a 312a
548374829 make Список хендоверов
548374829 make Список хендоверов
548374829 make 15a
548374829 make Список хендоверов
548374829 make Список хендоверов
548374829 make 312a
548374829 make Удалить хендовер
548374829 make Удалить хендовер
548374829 make 15a 312a
548374829 make Удалить хендовер
548374829 make Удалить хендовер
548374829 make 15a 312a
548374829 make Список хендоверов
548374829 make Список хендоверов
548374829 make 312a
548374829 make 15a
548374829 make Добавить хендовер
548374829 make Добавить хендовер
548374829 make 15a 312a
548374829 make Список хендоверов
548374829 make Список хендоверов
548374829 make 312a
548374829 make 15a
548374829 make Добавить хендовер
548374829 make Добавить хендовер
548374829 make 15a 312a
548374829 make Удалить хендовер
548374829 make Удалить хендовер
548374829 make 15a 312a
548374829 make Список хендоверов
548374829 make Список хендоверов
548374829 make 15a
548374829 make 312a
548374829 make Базовые станции
548374829 make Базовые станции
548374829 make Сектора
548374829 make Сектора
548374829 make Кабинеты
548374829 make Кабинеты
548374829 make Где 15
548374829 make Базовые станции
548374829 make Базовые станции
548374829 make Адреса
548374829 make Адреса
